#
# There is insufficient memory for the Java Runtime Environment to continue.
# Native memory allocation (mmap) failed to map 65536 bytes for Failed to commit metaspace.
# Possible reasons:
#   The system is out of physical RAM or swap space
#   The process is running with CompressedOops enabled, and the Java Heap may be blocking the growth of the native heap
# Possible solutions:
#   Reduce memory load on the system
#   Increase physical memory or swap space
#   Check if swap backing store is full
#   Decrease Java heap size (-Xmx/-Xms)
#   Decrease number of Java threads
#   Decrease Java thread stack sizes (-Xss)
#   Set larger code cache with -XX:ReservedCodeCacheSize=
#   JVM is running with Unscaled Compressed Oops mode in which the Java heap is
#     placed in the first 4GB address space. The Java Heap base address is the
#     maximum limit for the native heap growth. Please use -XX:HeapBaseMinAddress
#     to set the Java Heap base and to place the Java Heap above 4GB virtual address.
# This output file may be truncated or incomplete.
#
#  Out of Memory Error (virtualSpaceNode.cpp:110), pid=12552, tid=12448
#
# JRE version: OpenJDK Runtime Environment Temurin-17.0.6+10 (17.0.6+10) (build 17.0.6+10)
# Java VM: OpenJDK 64-Bit Server VM Temurin-17.0.6+10 (17.0.6+10, mixed mode, tiered, compressed oops, compressed class ptrs, g1 gc, windows-amd64)
# No core dump will be written. Minidumps are not enabled by default on client versions of Windows
#

---------------  S U M M A R Y ------------

Command Line: -ea -Dfile.encoding=UTF-8 -XX:+ShowCodeDetailsInExceptionMessages org.testng.remote.RemoteTestNG -serport 58267 -protocol json -d D:\benila\QC Automation\PayrollProject\test-output C:\Users\USER\AppData\Local\Temp\testng-eclipse--868171623\testng-customsuite.xml

Host: Intel(R) Core(TM) i3-4005U CPU @ 1.70GHz, 4 cores, 3G,  Windows 10 , 64 bit Build 19041 (10.0.19041.3570)
Time: Fri Oct 27 23:50:25 2023 India Standard Time elapsed time: 19.643629 seconds (0d 0h 0m 19s)

---------------  T H R E A D  ---------------

Current thread (0x00000191ba6dd550):  JavaThread "main" [_thread_in_vm, id=12448, stack(0x0000001c08a00000,0x0000001c08b00000)]

Stack: [0x0000001c08a00000,0x0000001c08b00000]
Native frames: (J=compiled Java code, j=interpreted, Vv=VM code, C=native code)
V  [jvm.dll+0x67741a]
V  [jvm.dll+0x834434]
V  [jvm.dll+0x835bde]
V  [jvm.dll+0x836243]
V  [jvm.dll+0x2457b5]
V  [jvm.dll+0x8304cb]
V  [jvm.dll+0x61bca6]
V  [jvm.dll+0x61bd0a]
V  [jvm.dll+0x61e52a]
V  [jvm.dll+0x61c646]
V  [jvm.dll+0x23b2a0]
V  [jvm.dll+0x1eae0d]
V  [jvm.dll+0x1e0841]
V  [jvm.dll+0x53c6d0]
V  [jvm.dll+0x1f1017]
V  [jvm.dll+0x7aea1b]
V  [jvm.dll+0x7afdc2]
V  [jvm.dll+0x7b00f8]
V  [jvm.dll+0x23dbbe]
V  [jvm.dll+0x37ecce]
C  0x00000191c6b0b5a5

Java frames: (J=compiled Java code, j=interpreted, Vv=VM code)
j  java.util.List.spliterator()Ljava/util/Spliterator;+7 java.base@17.0.6
J 2030 c1 java.util.Collection.stream()Ljava/util/stream/Stream; java.base@17.0.6 (11 bytes) @ 0x00000191bf99cab4 [0x00000191bf99c9c0+0x00000000000000f4]
j  org.testng.internal.ListenerOrderDeterminer.arrange(Ljava/util/Collection;)Lorg/testng/internal/collections/Pair;+17
j  org.testng.internal.ListenerOrderDeterminer.reversedOrder(Ljava/util/Collection;)Ljava/util/List;+1
j  org.testng.internal.TestListenerHelper.runPostConfigurationListeners(Lorg/testng/ITestResult;Lorg/testng/ITestNGMethod;Ljava/util/List;Lorg/testng/IConfigurationListener;)V+1
j  org.testng.internal.invokers.ConfigInvoker.runConfigurationListeners(Lorg/testng/ITestResult;Lorg/testng/ITestNGMethod;Z)V+40
j  org.testng.internal.invokers.ConfigInvoker.handleConfigurationFailure(Ljava/lang/Throwable;Lorg/testng/ITestNGMethod;Lorg/testng/ITestResult;Lorg/testng/annotations/IConfigurationAnnotation;Lorg/testng/ITestNGMethod;Ljava/lang/Object;Lorg/testng/xml/XmlSuite;)V+92
j  org.testng.internal.invokers.ConfigInvoker.invokeConfigurations(Lorg/testng/internal/invokers/ConfigMethodArguments;)V+608
j  org.testng.internal.invokers.TestInvoker.runConfigMethods(Lorg/testng/internal/invokers/TestMethodArguments;Lorg/testng/xml/XmlSuite;Lorg/testng/internal/TestResult;[Lorg/testng/ITestNGMethod;)V+66
j  org.testng.internal.invokers.TestInvoker.invokeMethod(Lorg/testng/internal/invokers/TestMethodArguments;Lorg/testng/xml/XmlSuite;Lorg/testng/internal/invokers/ITestInvoker$FailureContext;)Lorg/testng/ITestResult;+106
j  org.testng.internal.invokers.TestInvoker.invokeTestMethod(Lorg/testng/internal/invokers/TestMethodArguments;Lorg/testng/xml/XmlSuite;Lorg/testng/internal/invokers/ITestInvoker$FailureContext;)Lorg/testng/ITestResult;+16
j  org.testng.internal.invokers.MethodRunner.runInSequence(Lorg/testng/internal/invokers/TestMethodArguments;Lorg/testng/internal/invokers/ITestInvoker;Lorg/testng/ITestContext;Ljava/util/concurrent/atomic/AtomicInteger;Lorg/testng/internal/invokers/ITestInvoker$FailureContext;Ljava/util/Iterator;Z)Ljava/util/List;+127
j  org.testng.internal.invokers.TestInvoker$MethodInvocationAgent.invoke(I)I+384
j  org.testng.internal.invokers.TestInvoker.invokeTestMethods(Lorg/testng/ITestNGMethod;Lorg/testng/internal/ConfigurationGroupMethods;Ljava/lang/Object;Lorg/testng/ITestContext;)Ljava/util/List;+569
j  org.testng.internal.invokers.TestMethodWorker.invokeTestMethods(Lorg/testng/ITestNGMethod;Ljava/lang/Object;)V+14
j  org.testng.internal.invokers.TestMethodWorker.run()V+127
j  org.testng.TestRunner$$Lambda$172+0x0000000100190de8.accept(Ljava/lang/Object;)V+7
j  java.util.ArrayList.forEach(Ljava/util/function/Consumer;)V+46 java.base@17.0.6
j  org.testng.TestRunner.privateRun(Lorg/testng/xml/XmlTest;)V+412
j  org.testng.TestRunner.run()V+25
j  org.testng.SuiteRunner.runTest(Lorg/testng/TestRunner;)V+21
j  org.testng.SuiteRunner.runSequentially()V+31
j  org.testng.SuiteRunner.privateRun()V+340
j  org.testng.SuiteRunner.run()V+6
j  org.testng.SuiteRunnerWorker.runSuite(Lorg/testng/internal/invokers/SuiteRunnerMap;Lorg/testng/xml/XmlSuite;)V+56
j  org.testng.SuiteRunnerWorker.run()V+12
j  org.testng.TestNG.runSuitesSequentially(Lorg/testng/xml/XmlSuite;Lorg/testng/internal/invokers/SuiteRunnerMap;ILjava/lang/String;)V+66
j  org.testng.TestNG.runSuitesLocally()Ljava/util/List;+156
j  org.testng.TestNG.runSuites()Ljava/util/List;+1
j  org.testng.TestNG.run()V+25
j  org.testng.remote.AbstractRemoteTestNG.run()V+149
j  org.testng.remote.RemoteTestNG.initAndRun(Lorg/testng/remote/IRemoteTestNG;[Ljava/lang/String;Lorg/testng/CommandLineArgs;Lorg/testng/remote/RemoteArgs;)V+169
j  org.testng.remote.RemoteTestNG.main([Ljava/lang/String;)V+188
v  ~StubRoutines::call_stub

---------------  P R O C E S S  ---------------

Threads class SMR info:
_java_thread_list=0x00000191d522b750, length=23, elements={
0x00000191ba6dd550, 0x00000191d373d610, 0x00000191d37409e0, 0x00000191d3762000,
0x00000191d37649d0, 0x00000191d37662a0, 0x00000191d3772070, 0x00000191d3772c60,
0x00000191d3777620, 0x00000191d37806f0, 0x00000191d424c3a0, 0x00000191d4256ec0,
0x00000191d427bdc0, 0x00000191d56a02a0, 0x00000191d567c570, 0x00000191d452f060,
0x00000191d5cbd030, 0x00000191d4f84870, 0x00000191d4f83ed0, 0x00000191d4f86080,
0x00000191d4f856e0, 0x00000191d4f84d40, 0x00000191d4f843a0
}

Java Threads: ( => current thread )
=>0x00000191ba6dd550 JavaThread "main" [_thread_in_vm, id=12448, stack(0x0000001c08a00000,0x0000001c08b00000)]
  0x00000191d373d610 JavaThread "Reference Handler" daemon [_thread_blocked, id=11528, stack(0x0000001c09100000,0x0000001c09200000)]
  0x00000191d37409e0 JavaThread "Finalizer" daemon [_thread_blocked, id=16420, stack(0x0000001c09200000,0x0000001c09300000)]
  0x00000191d3762000 JavaThread "Signal Dispatcher" daemon [_thread_blocked, id=7336, stack(0x0000001c09300000,0x0000001c09400000)]
  0x00000191d37649d0 JavaThread "Attach Listener" daemon [_thread_blocked, id=3624, stack(0x0000001c09400000,0x0000001c09500000)]
  0x00000191d37662a0 JavaThread "Service Thread" daemon [_thread_blocked, id=18376, stack(0x0000001c09500000,0x0000001c09600000)]
  0x00000191d3772070 JavaThread "Monitor Deflation Thread" daemon [_thread_blocked, id=18380, stack(0x0000001c09600000,0x0000001c09700000)]
  0x00000191d3772c60 JavaThread "C2 CompilerThread0" daemon [_thread_blocked, id=1288, stack(0x0000001c09700000,0x0000001c09800000)]
  0x00000191d3777620 JavaThread "C1 CompilerThread0" daemon [_thread_in_vm, id=16508, stack(0x0000001c09800000,0x0000001c09900000)]
  0x00000191d37806f0 JavaThread "Sweeper thread" daemon [_thread_blocked, id=12496, stack(0x0000001c09900000,0x0000001c09a00000)]
  0x00000191d424c3a0 JavaThread "Notification Thread" daemon [_thread_blocked, id=14116, stack(0x0000001c09a00000,0x0000001c09b00000)]
  0x00000191d4256ec0 JavaThread "Common-Cleaner" daemon [_thread_blocked, id=10276, stack(0x0000001c09c00000,0x0000001c09d00000)]
  0x00000191d427bdc0 JavaThread "ReaderThread" [_thread_in_native, id=5520, stack(0x0000001c0a100000,0x0000001c0a200000)]
  0x00000191d56a02a0 JavaThread "ForkJoinPool.commonPool-worker-1" daemon [_thread_blocked, id=7312, stack(0x0000001c0a200000,0x0000001c0a300000)]
  0x00000191d567c570 JavaThread "AsyncHttpClient-1-1" daemon [_thread_in_vm, id=13360, stack(0x0000001c0a300000,0x0000001c0a400000)]
  0x00000191d452f060 JavaThread "Exec Default Executor" daemon [_thread_in_native, id=11196, stack(0x0000001c0a400000,0x0000001c0a500000)]
  0x00000191d5cbd030 JavaThread "Exec Stream Pumper" daemon [_thread_in_native, id=4688, stack(0x0000001c0a500000,0x0000001c0a600000)]
  0x00000191d4f84870 JavaThread "Exec Stream Pumper" daemon [_thread_in_native, id=16088, stack(0x0000001c0a600000,0x0000001c0a700000)]
  0x00000191d4f83ed0 JavaThread "Driver Service Executor" daemon [_thread_blocked, id=11280, stack(0x0000001c0a700000,0x0000001c0a800000)]
  0x00000191d4f86080 JavaThread "Driver Service Executor" daemon [_thread_blocked, id=7172, stack(0x0000001c0a800000,0x0000001c0a900000)]
  0x00000191d4f856e0 JavaThread "UrlChecker-2" daemon [_thread_blocked, id=1904, stack(0x0000001c0a900000,0x0000001c0aa00000)]
  0x00000191d4f84d40 JavaThread "AsyncHttpClient-1-2" daemon [_thread_in_native, id=9524, stack(0x0000001c0ab00000,0x0000001c0ac00000)]
  0x00000191d4f843a0 JavaThread "AsyncHttpClient-1-3" daemon [_thread_in_vm, id=15720, stack(0x0000001c0aa00000,0x0000001c0ab00000)]

Other Threads:
  0x00000191ba79e650 VMThread "VM Thread" [stack: 0x0000001c09000000,0x0000001c09100000] [id=6644]
  0x00000191d424f090 WatcherThread [stack: 0x0000001c09b00000,0x0000001c09c00000] [id=12304]
  0x00000191ba71d800 GCTaskThread "GC Thread#0" [stack: 0x0000001c08b00000,0x0000001c08c00000] [id=9956]
  0x00000191d4cc0a40 GCTaskThread "GC Thread#1" [stack: 0x0000001c09d00000,0x0000001c09e00000] [id=1872]
  0x00000191d4622120 GCTaskThread "GC Thread#2" [stack: 0x0000001c09e00000,0x0000001c09f00000] [id=11004]
  0x00000191d475c420 GCTaskThread "GC Thread#3" [stack: 0x0000001c09f00000,0x0000001c0a000000] [id=15260]
  0x00000191ba7269d0 ConcurrentGCThread "G1 Main Marker" [stack: 0x0000001c08c00000,0x0000001c08d00000] [id=13320]
  0x00000191ba727190 ConcurrentGCThread "G1 Conc#0" [stack: 0x0000001c08d00000,0x0000001c08e00000] [id=6400]
  0x00000191ba779940 ConcurrentGCThread "G1 Refine#0" [stack: 0x0000001c08e00000,0x0000001c08f00000] [id=848]
  0x00000191ba77a110 ConcurrentGCThread "G1 Service" [stack: 0x0000001c08f00000,0x0000001c09000000] [id=18428]

Threads with active compile tasks:
C1 CompilerThread0    19747 2491       3       sun.misc.Unsafe::getLong (9 bytes)

VM state: not at safepoint (normal execution)

VM Mutex/Monitor currently owned by a thread:  ([mutex/lock_event])
[0x00000191ba6d7c00] Metaspace_lock - owner thread: 0x00000191ba6dd550
[0x00000191ba6da000] MethodData_lock - owner thread: 0x00000191d3777620

Heap address: 0x00000000c1600000, size: 1002 MB, Compressed Oops mode: 32-bit

CDS archive(s) not mapped
Compressed class space mapped at: 0x0000000100000000-0x0000000140000000, reserved size: 1073741824
Narrow klass base: 0x0000000000000000, Narrow klass shift: 3, Narrow klass range: 0x140000000

GC Precious Log:
 CPUs: 4 total, 4 available
 Memory: 4000M
 Large Page Support: Disabled
 NUMA Support: Disabled
 Compressed Oops: Enabled (32-bit)
 Heap Region Size: 1M
 Heap Min Capacity: 8M
 Heap Initial Capacity: 64M
 Heap Max Capacity: 1002M
 Pre-touch: Disabled
 Parallel Workers: 4
 Concurrent Workers: 1
 Concurrent Refinement Workers: 4
 Periodic GC: Disabled

Heap:
 garbage-first heap   total 37888K, used 22811K [0x00000000c1600000, 0x0000000100000000)
  region size 1024K, 6 young (6144K), 1 survivors (1024K)
 Metaspace       used 34375K, committed 34688K, reserved 1081344K
  class space    used 4009K, committed 4160K, reserved 1048576K

Heap Regions: E=young(eden), S=young(survivor), O=old, HS=humongous(starts), HC=humongous(continues), CS=collection set, F=free, OA=open archive, CA=closed archive, TAMS=top-at-mark-start (previous, next)
|   0|0x00000000c1600000, 0x00000000c1700000, 0x00000000c1700000|100%| O|  |TAMS 0x00000000c1700000, 0x00000000c1700000| Untracked 
|   1|0x00000000c1700000, 0x00000000c1800000, 0x00000000c1800000|100%| O|  |TAMS 0x00000000c1800000, 0x00000000c1800000| Untracked 
|   2|0x00000000c1800000, 0x00000000c1900000, 0x00000000c1900000|100%| O|  |TAMS 0x00000000c1900000, 0x00000000c1900000| Untracked 
|   3|0x00000000c1900000, 0x00000000c1a00000, 0x00000000c1a00000|100%| O|  |TAMS 0x00000000c1a00000, 0x00000000c1a00000| Untracked 
|   4|0x00000000c1a00000, 0x00000000c1b00000, 0x00000000c1b00000|100%| O|  |TAMS 0x00000000c1b00000, 0x00000000c1b00000| Untracked 
|   5|0x00000000c1b00000, 0x00000000c1c00000, 0x00000000c1c00000|100%| O|  |TAMS 0x00000000c1c00000, 0x00000000c1c00000| Untracked 
|   6|0x00000000c1c00000, 0x00000000c1c00000, 0x00000000c1d00000|  0%| F|  |TAMS 0x00000000c1c00000, 0x00000000c1c00000| Untracked 
|   7|0x00000000c1d00000, 0x00000000c1e00000, 0x00000000c1e00000|100%| O|  |TAMS 0x00000000c1d00000, 0x00000000c1e00000| Untracked 
|   8|0x00000000c1e00000, 0x00000000c1f00000, 0x00000000c1f00000|100%| O|  |TAMS 0x00000000c1e00000, 0x00000000c1f00000| Untracked 
|   9|0x00000000c1f00000, 0x00000000c2000000, 0x00000000c2000000|100%| O|  |TAMS 0x00000000c1f00000, 0x00000000c2000000| Untracked 
|  10|0x00000000c2000000, 0x00000000c2100000, 0x00000000c2100000|100%| O|  |TAMS 0x00000000c2000000, 0x00000000c2100000| Untracked 
|  11|0x00000000c2100000, 0x00000000c2200000, 0x00000000c2200000|100%| O|  |TAMS 0x00000000c2100000, 0x00000000c2200000| Untracked 
|  12|0x00000000c2200000, 0x00000000c2200000, 0x00000000c2300000|  0%| F|  |TAMS 0x00000000c2200000, 0x00000000c2200000| Untracked 
|  13|0x00000000c2300000, 0x00000000c2300000, 0x00000000c2400000|  0%| F|  |TAMS 0x00000000c2300000, 0x00000000c2300000| Untracked 
|  14|0x00000000c2400000, 0x00000000c2400000, 0x00000000c2500000|  0%| F|  |TAMS 0x00000000c2400000, 0x00000000c2400000| Untracked 
|  15|0x00000000c2500000, 0x00000000c2600000, 0x00000000c2600000|100%| O|  |TAMS 0x00000000c2500000, 0x00000000c2600000| Untracked 
|  16|0x00000000c2600000, 0x00000000c2646e00, 0x00000000c2700000| 27%| O|  |TAMS 0x00000000c2600000, 0x00000000c2646e00| Untracked 
|  17|0x00000000c2700000, 0x00000000c2800000, 0x00000000c2800000|100%|HS|  |TAMS 0x00000000c2700000, 0x00000000c2700000| Complete 
|  18|0x00000000c2800000, 0x00000000c2900000, 0x00000000c2900000|100%|HC|  |TAMS 0x00000000c2800000, 0x00000000c2800000| Complete 
|  19|0x00000000c2900000, 0x00000000c2a00000, 0x00000000c2a00000|100%|HC|  |TAMS 0x00000000c2900000, 0x00000000c2900000| Complete 
|  20|0x00000000c2a00000, 0x00000000c2b00000, 0x00000000c2b00000|100%|HC|  |TAMS 0x00000000c2a00000, 0x00000000c2a00000| Complete 
|  21|0x00000000c2b00000, 0x00000000c2c00000, 0x00000000c2c00000|100%|HC|  |TAMS 0x00000000c2b00000, 0x00000000c2b00000| Complete 
|  22|0x00000000c2c00000, 0x00000000c2c00000, 0x00000000c2d00000|  0%| F|  |TAMS 0x00000000c2c00000, 0x00000000c2c00000| Untracked 
|  23|0x00000000c2d00000, 0x00000000c2d00000, 0x00000000c2e00000|  0%| F|  |TAMS 0x00000000c2d00000, 0x00000000c2d00000| Untracked 
|  24|0x00000000c2e00000, 0x00000000c2e00000, 0x00000000c2f00000|  0%| F|  |TAMS 0x00000000c2e00000, 0x00000000c2e00000| Untracked 
|  25|0x00000000c2f00000, 0x00000000c2f00000, 0x00000000c3000000|  0%| F|  |TAMS 0x00000000c2f00000, 0x00000000c2f00000| Untracked 
|  26|0x00000000c3000000, 0x00000000c3000000, 0x00000000c3100000|  0%| F|  |TAMS 0x00000000c3000000, 0x00000000c3000000| Untracked 
|  27|0x00000000c3100000, 0x00000000c3100000, 0x00000000c3200000|  0%| F|  |TAMS 0x00000000c3100000, 0x00000000c3100000| Untracked 
|  28|0x00000000c3200000, 0x00000000c3200000, 0x00000000c3300000|  0%| F|  |TAMS 0x00000000c3200000, 0x00000000c3200000| Untracked 
|  29|0x00000000c3300000, 0x00000000c3300000, 0x00000000c3400000|  0%| F|  |TAMS 0x00000000c3300000, 0x00000000c3300000| Untracked 
|  30|0x00000000c3400000, 0x00000000c3400000, 0x00000000c3500000|  0%| F|  |TAMS 0x00000000c3400000, 0x00000000c3400000| Untracked 
|  31|0x00000000c3500000, 0x00000000c3600000, 0x00000000c3600000|100%| S|CS|TAMS 0x00000000c3500000, 0x00000000c3500000| Complete 
|  32|0x00000000c3600000, 0x00000000c36b8118, 0x00000000c3700000| 71%| E|  |TAMS 0x00000000c3600000, 0x00000000c3600000| Complete 
|  50|0x00000000c4800000, 0x00000000c4900000, 0x00000000c4900000|100%| E|CS|TAMS 0x00000000c4800000, 0x00000000c4800000| Complete 
|  51|0x00000000c4900000, 0x00000000c4a00000, 0x00000000c4a00000|100%| E|CS|TAMS 0x00000000c4900000, 0x00000000c4900000| Complete 
|  52|0x00000000c4a00000, 0x00000000c4b00000, 0x00000000c4b00000|100%| E|CS|TAMS 0x00000000c4a00000, 0x00000000c4a00000| Complete 
|  63|0x00000000c5500000, 0x00000000c5600000, 0x00000000c5600000|100%| E|CS|TAMS 0x00000000c5500000, 0x00000000c5500000| Complete 

Card table byte_map: [0x00000191cedf0000,0x00000191ceff0000] _byte_map_base: 0x00000191ce7e5000

Marking Bits (Prev, Next): (CMBitMap*) 0x00000191ba71dc00, (CMBitMap*) 0x00000191ba71dbc0
 Prev Bits: [0x00000191d01a0000, 0x00000191d1148000)
 Next Bits: [0x00000191cf1f0000, 0x00000191d0198000)

Polling page: 0x00000191ba590000

Metaspace:

Usage:
  Non-class:     29.65 MB used.
      Class:      3.92 MB used.
       Both:     33.57 MB used.

Virtual space:
  Non-class space:       32.00 MB reserved,      29.81 MB ( 93%) committed,  4 nodes.
      Class space:        1.00 GB reserved,       4.06 MB ( <1%) committed,  1 nodes.
             Both:        1.03 GB reserved,      33.88 MB (  3%) committed. 

Chunk freelists:
   Non-Class:  2.16 MB
       Class:  3.89 MB
        Both:  6.05 MB

MaxMetaspaceSize: unlimited
CompressedClassSpaceSize: 1.00 GB
Initial GC threshold: 21.00 MB
Current GC threshold: 35.12 MB
CDS: off
MetaspaceReclaimPolicy: balanced
 - commit_granule_bytes: 65536.
 - commit_granule_words: 8192.
 - virtual_space_node_default_size: 1048576.
 - enlarge_chunks_in_place: 1.
 - new_chunks_are_fully_committed: 0.
 - uncommit_free_chunks: 1.
 - use_allocation_guard: 0.
 - handle_deallocations: 1.


Internal statistics:

num_allocs_failed_limit: 3.
num_arena_births: 374.
num_arena_deaths: 0.
num_vsnodes_births: 5.
num_vsnodes_deaths: 0.
num_space_committed: 542.
num_space_uncommitted: 0.
num_chunks_returned_to_freelist: 3.
num_chunks_taken_from_freelist: 1125.
num_chunk_merges: 0.
num_chunk_splits: 727.
num_chunks_enlarged: 522.
num_purges: 0.
num_inconsistent_stats: 0.

CodeHeap 'non-profiled nmethods': size=120000Kb used=1068Kb max_used=1068Kb free=118931Kb
 bounds [0x00000191c7090000, 0x00000191c7300000, 0x00000191ce5c0000]
CodeHeap 'profiled nmethods': size=120000Kb used=4811Kb max_used=4811Kb free=115188Kb
 bounds [0x00000191bf5c0000, 0x00000191bfa80000, 0x00000191c6af0000]
CodeHeap 'non-nmethods': size=5760Kb used=1298Kb max_used=1319Kb free=4461Kb
 bounds [0x00000191c6af0000, 0x00000191c6d60000, 0x00000191c7090000]
 total_blobs=3111 nmethods=2490 adapters=533
 compilation: enabled
              stopped_count=0, restarted_count=0
 full_count=0

Compilation events (20 events):
Event: 19.506 Thread 0x00000191d3772c60 nmethod 2462 0x00000191c7196390 code [0x00000191c7196560, 0x00000191c7197118]
Event: 19.506 Thread 0x00000191d3772c60 2480       4       java.util.HashSet::add (20 bytes)
Event: 19.524 Thread 0x00000191d3777620 2481   !   3       java.util.concurrent.ConcurrentHashMap::putVal (432 bytes)
Event: 19.529 Thread 0x00000191d3777620 nmethod 2481 0x00000191bfa6e310 code [0x00000191bfa6e680, 0x00000191bfa701a8]
Event: 19.557 Thread 0x00000191d3777620 2482       3       java.nio.charset.CoderResult::isUnderflow (13 bytes)
Event: 19.557 Thread 0x00000191d3777620 nmethod 2482 0x00000191bfa70b90 code [0x00000191bfa70d20, 0x00000191bfa70e98]
Event: 19.569 Thread 0x00000191d3777620 2484       1       com.google.common.collect.ImmutableEntry::getValue (5 bytes)
Event: 19.569 Thread 0x00000191d3777620 nmethod 2484 0x00000191c7197810 code [0x00000191c71979a0, 0x00000191c7197a78]
Event: 19.569 Thread 0x00000191d3777620 2485       1       com.google.common.base.Splitter::access$200 (5 bytes)
Event: 19.569 Thread 0x00000191d3777620 nmethod 2485 0x00000191c7197b10 code [0x00000191c7197ca0, 0x00000191c7197d58]
Event: 19.569 Thread 0x00000191d3777620 2486       1       com.google.common.base.Splitter::access$300 (5 bytes)
Event: 19.570 Thread 0x00000191d3777620 nmethod 2486 0x00000191c7197e10 code [0x00000191c7197fa0, 0x00000191c7198058]
Event: 19.570 Thread 0x00000191d3777620 2487       1       com.google.common.base.Splitter::access$400 (5 bytes)
Event: 19.570 Thread 0x00000191d3777620 nmethod 2487 0x00000191c7198110 code [0x00000191c71982a0, 0x00000191c7198358]
Event: 19.617 Thread 0x00000191d3777620 2488       3       java.lang.Class::getMethod (59 bytes)
Event: 19.619 Thread 0x00000191d3777620 nmethod 2488 0x00000191bfa70f10 code [0x00000191bfa711c0, 0x00000191bfa71da8]
Event: 19.627 Thread 0x00000191d3777620 2489       3       java.lang.invoke.MemberName::getFactory (4 bytes)
Event: 19.627 Thread 0x00000191d3777620 nmethod 2489 0x00000191bfa72290 code [0x00000191bfa72420, 0x00000191bfa72518]
Event: 19.627 Thread 0x00000191d3777620 2490       3       java.lang.invoke.DelegatingMethodHandle$Holder::reinvoke_L (20 bytes)
Event: 19.628 Thread 0x00000191d3777620 nmethod 2490 0x00000191bfa72590 code [0x00000191bfa72760, 0x00000191bfa72b98]

GC Heap History (16 events):
Event: 1.329 GC heap before
{Heap before GC invocations=0 (full 0):
 garbage-first heap   total 65536K, used 12288K [0x00000000c1600000, 0x0000000100000000)
  region size 1024K, 13 young (13312K), 0 survivors (0K)
 Metaspace       used 8471K, committed 8640K, reserved 1056768K
  class space    used 745K, committed 832K, reserved 1048576K
}
Event: 1.339 GC heap after
{Heap after GC invocations=1 (full 0):
 garbage-first heap   total 65536K, used 6524K [0x00000000c1600000, 0x0000000100000000)
  region size 1024K, 2 young (2048K), 2 survivors (2048K)
 Metaspace       used 8471K, committed 8640K, reserved 1056768K
  class space    used 745K, committed 832K, reserved 1048576K
}
Event: 3.422 GC heap before
{Heap before GC invocations=1 (full 0):
 garbage-first heap   total 65536K, used 16764K [0x00000000c1600000, 0x0000000100000000)
  region size 1024K, 12 young (12288K), 2 survivors (2048K)
 Metaspace       used 14284K, committed 14464K, reserved 1064960K
  class space    used 1409K, committed 1472K, reserved 1048576K
}
Event: 3.431 GC heap after
{Heap after GC invocations=2 (full 0):
 garbage-first heap   total 65536K, used 7745K [0x00000000c1600000, 0x0000000100000000)
  region size 1024K, 2 young (2048K), 2 survivors (2048K)
 Metaspace       used 14284K, committed 14464K, reserved 1064960K
  class space    used 1409K, committed 1472K, reserved 1048576K
}
Event: 6.220 GC heap before
{Heap before GC invocations=2 (full 0):
 garbage-first heap   total 65536K, used 26177K [0x00000000c1600000, 0x0000000100000000)
  region size 1024K, 20 young (20480K), 2 survivors (2048K)
 Metaspace       used 18923K, committed 19200K, reserved 1073152K
  class space    used 2059K, committed 2176K, reserved 1048576K
}
Event: 6.229 GC heap after
{Heap after GC invocations=3 (full 0):
 garbage-first heap   total 65536K, used 8726K [0x00000000c1600000, 0x0000000100000000)
  region size 1024K, 3 young (3072K), 3 survivors (3072K)
 Metaspace       used 18923K, committed 19200K, reserved 1073152K
  class space    used 2059K, committed 2176K, reserved 1048576K
}
Event: 9.210 GC heap before
{Heap before GC invocations=3 (full 0):
 garbage-first heap   total 65536K, used 18966K [0x00000000c1600000, 0x0000000100000000)
  region size 1024K, 14 young (14336K), 3 survivors (3072K)
 Metaspace       used 21200K, committed 21504K, reserved 1073152K
  class space    used 2346K, committed 2496K, reserved 1048576K
}
Event: 9.219 GC heap after
{Heap after GC invocations=4 (full 0):
 garbage-first heap   total 65536K, used 9597K [0x00000000c1600000, 0x0000000100000000)
  region size 1024K, 3 young (3072K), 3 survivors (3072K)
 Metaspace       used 21200K, committed 21504K, reserved 1073152K
  class space    used 2346K, committed 2496K, reserved 1048576K
}
Event: 11.273 GC heap before
{Heap before GC invocations=5 (full 0):
 garbage-first heap   total 37888K, used 28029K [0x00000000c1600000, 0x0000000100000000)
  region size 1024K, 22 young (22528K), 3 survivors (3072K)
 Metaspace       used 28951K, committed 29312K, reserved 1081344K
  class space    used 3228K, committed 3392K, reserved 1048576K
}
Event: 11.295 GC heap after
{Heap after GC invocations=6 (full 0):
 garbage-first heap   total 37888K, used 12445K [0x00000000c1600000, 0x0000000100000000)
  region size 1024K, 3 young (3072K), 3 survivors (3072K)
 Metaspace       used 28951K, committed 29312K, reserved 1081344K
  class space    used 3228K, committed 3392K, reserved 1048576K
}
Event: 11.354 GC heap before
{Heap before GC invocations=6 (full 0):
 garbage-first heap   total 37888K, used 13469K [0x00000000c1600000, 0x0000000100000000)
  region size 1024K, 4 young (4096K), 3 survivors (3072K)
 Metaspace       used 29156K, committed 29568K, reserved 1081344K
  class space    used 3255K, committed 3456K, reserved 1048576K
}
Event: 11.362 GC heap after
{Heap after GC invocations=7 (full 0):
 garbage-first heap   total 37888K, used 13160K [0x00000000c1600000, 0x0000000100000000)
  region size 1024K, 1 young (1024K), 1 survivors (1024K)
 Metaspace       used 29156K, committed 29568K, reserved 1081344K
  class space    used 3255K, committed 3456K, reserved 1048576K
}
Event: 12.830 GC heap before
{Heap before GC invocations=7 (full 0):
 garbage-first heap   total 37888K, used 24424K [0x00000000c1600000, 0x0000000100000000)
  region size 1024K, 12 young (12288K), 1 survivors (1024K)
 Metaspace       used 32215K, committed 32576K, reserved 1081344K
  class space    used 3676K, committed 3840K, reserved 1048576K
}
Event: 12.833 GC heap after
{Heap after GC invocations=8 (full 0):
 garbage-first heap   total 37888K, used 13388K [0x00000000c1600000, 0x0000000100000000)
  region size 1024K, 1 young (1024K), 1 survivors (1024K)
 Metaspace       used 32215K, committed 32576K, reserved 1081344K
  class space    used 3676K, committed 3840K, reserved 1048576K
}
Event: 13.092 GC heap before
{Heap before GC invocations=8 (full 0):
 garbage-first heap   total 37888K, used 16460K [0x00000000c1600000, 0x0000000100000000)
  region size 1024K, 6 young (6144K), 1 survivors (1024K)
 Metaspace       used 33368K, committed 33728K, reserved 1081344K
  class space    used 3845K, committed 4032K, reserved 1048576K
}
Event: 13.097 GC heap after
{Heap after GC invocations=9 (full 0):
 garbage-first heap   total 37888K, used 13595K [0x00000000c1600000, 0x0000000100000000)
  region size 1024K, 1 young (1024K), 1 survivors (1024K)
 Metaspace       used 33368K, committed 33728K, reserved 1081344K
  class space    used 3845K, committed 4032K, reserved 1048576K
}

Dll operation events (9 events):
Event: 0.022 Loaded shared library D:\benila\Eclipse\eclipse-java-2023-03-R-win32-x86_64\eclipse\plugins\org.eclipse.justj.openjdk.hotspot.jre.full.win32.x86_64_17.0.6.v20230204-1729\jre\bin\java.dll
Event: 0.396 Loaded shared library D:\benila\Eclipse\eclipse-java-2023-03-R-win32-x86_64\eclipse\plugins\org.eclipse.justj.openjdk.hotspot.jre.full.win32.x86_64_17.0.6.v20230204-1729\jre\bin\net.dll
Event: 0.399 Loaded shared library D:\benila\Eclipse\eclipse-java-2023-03-R-win32-x86_64\eclipse\plugins\org.eclipse.justj.openjdk.hotspot.jre.full.win32.x86_64_17.0.6.v20230204-1729\jre\bin\nio.dll
Event: 0.420 Loaded shared library D:\benila\Eclipse\eclipse-java-2023-03-R-win32-x86_64\eclipse\plugins\org.eclipse.justj.openjdk.hotspot.jre.full.win32.x86_64_17.0.6.v20230204-1729\jre\bin\zip.dll
Event: 0.656 Loaded shared library D:\benila\Eclipse\eclipse-java-2023-03-R-win32-x86_64\eclipse\plugins\org.eclipse.justj.openjdk.hotspot.jre.full.win32.x86_64_17.0.6.v20230204-1729\jre\bin\jimage.dll
Event: 1.201 Loaded shared library D:\benila\Eclipse\eclipse-java-2023-03-R-win32-x86_64\eclipse\plugins\org.eclipse.justj.openjdk.hotspot.jre.full.win32.x86_64_17.0.6.v20230204-1729\jre\bin\verify.dll
Event: 6.774 Loaded shared library D:\benila\Eclipse\eclipse-java-2023-03-R-win32-x86_64\eclipse\plugins\org.eclipse.justj.openjdk.hotspot.jre.full.win32.x86_64_17.0.6.v20230204-1729\jre\bin\management.dll
Event: 6.845 Loaded shared library D:\benila\Eclipse\eclipse-java-2023-03-R-win32-x86_64\eclipse\plugins\org.eclipse.justj.openjdk.hotspot.jre.full.win32.x86_64_17.0.6.v20230204-1729\jre\bin\management_ext.dll
Event: 10.070 Loaded shared library D:\benila\Eclipse\eclipse-java-2023-03-R-win32-x86_64\eclipse\plugins\org.eclipse.justj.openjdk.hotspot.jre.full.win32.x86_64_17.0.6.v20230204-1729\jre\bin\sunmscapi.dll

Deoptimization events (20 events):
Event: 10.307 Thread 0x00000191ba6dd550 DEOPT PACKING pc=0x00000191c7159a00 sp=0x0000001c08afa830
Event: 10.307 Thread 0x00000191ba6dd550 DEOPT UNPACKING pc=0x00000191c6b469a3 sp=0x0000001c08afa7a8 mode 2
Event: 10.543 Thread 0x00000191ba6dd550 DEOPT PACKING pc=0x00000191bf9bb83e sp=0x0000001c08afb4f0
Event: 10.543 Thread 0x00000191ba6dd550 DEOPT UNPACKING pc=0x00000191c6b47143 sp=0x0000001c08afa970 mode 0
Event: 11.508 Thread 0x00000191ba6dd550 Uncommon trap: trap_request=0xffffff45 fr.pc=0x00000191c7100f9c relative=0x00000000000005fc
Event: 11.508 Thread 0x00000191ba6dd550 Uncommon trap: reason=unstable_if action=reinterpret pc=0x00000191c7100f9c method=java.lang.String.replace(CC)Ljava/lang/String; @ 2 c2
Event: 11.508 Thread 0x00000191ba6dd550 DEOPT PACKING pc=0x00000191c7100f9c sp=0x0000001c08afcf80
Event: 11.508 Thread 0x00000191ba6dd550 DEOPT UNPACKING pc=0x00000191c6b469a3 sp=0x0000001c08afcf30 mode 2
Event: 12.142 Thread 0x00000191ba6dd550 Uncommon trap: trap_request=0xffffff45 fr.pc=0x00000191c713f784 relative=0x0000000000000084
Event: 12.142 Thread 0x00000191ba6dd550 Uncommon trap: reason=unstable_if action=reinterpret pc=0x00000191c713f784 method=java.lang.CharacterDataLatin1.isWhitespace(I)Z @ 14 c2
Event: 12.142 Thread 0x00000191ba6dd550 DEOPT PACKING pc=0x00000191c713f784 sp=0x0000001c08afce00
Event: 12.142 Thread 0x00000191ba6dd550 DEOPT UNPACKING pc=0x00000191c6b469a3 sp=0x0000001c08afcd70 mode 2
Event: 12.913 Thread 0x00000191d4f84d40 Uncommon trap: trap_request=0xffffff45 fr.pc=0x00000191c70d8048 relative=0x0000000000000048
Event: 12.913 Thread 0x00000191d4f84d40 Uncommon trap: reason=unstable_if action=reinterpret pc=0x00000191c70d8048 method=java.lang.CharacterData.of(I)Ljava/lang/CharacterData; @ 4 c2
Event: 12.913 Thread 0x00000191d4f84d40 DEOPT PACKING pc=0x00000191c70d8048 sp=0x0000001c0abfde60
Event: 12.913 Thread 0x00000191d4f84d40 DEOPT UNPACKING pc=0x00000191c6b469a3 sp=0x0000001c0abfddf8 mode 2
Event: 19.459 Thread 0x00000191ba6dd550 Uncommon trap: trap_request=0xffffff45 fr.pc=0x00000191c7122f6c relative=0x0000000000000f4c
Event: 19.459 Thread 0x00000191ba6dd550 Uncommon trap: reason=unstable_if action=reinterpret pc=0x00000191c7122f6c method=java.util.concurrent.ConcurrentHashMap.putVal(Ljava/lang/Object;Ljava/lang/Object;Z)Ljava/lang/Object; @ 231 c2
Event: 19.459 Thread 0x00000191ba6dd550 DEOPT PACKING pc=0x00000191c7122f6c sp=0x0000001c08afcf60
Event: 19.459 Thread 0x00000191ba6dd550 DEOPT UNPACKING pc=0x00000191c6b469a3 sp=0x0000001c08afced0 mode 2

Classes unloaded (0 events):
No events

Classes redefined (0 events):
No events

Internal exceptions (20 events):
Event: 11.754 Thread 0x00000191d4f856e0 Exception <a 'java/net/ConnectException'{0x00000000c4879e98}: Connection refused: no further information> (0x00000000c4879e98) 
thrown [s\src\hotspot\share\prims\jni.cpp, line 535]
Event: 11.755 Thread 0x00000191d4f856e0 Exception <a 'java/net/SocketException'{0x00000000c487a1d0}: Socket is not connected: shutdown> (0x00000000c487a1d0) 
thrown [s\src\hotspot\share\prims\jni.cpp, line 535]
Event: 11.772 Thread 0x00000191d4f856e0 Exception <a 'java/net/ConnectException'{0x00000000c487b238}: Connection refused: no further information> (0x00000000c487b238) 
thrown [s\src\hotspot\share\prims\jni.cpp, line 535]
Event: 11.772 Thread 0x00000191d4f856e0 Exception <a 'java/net/SocketException'{0x00000000c487b570}: Socket is not connected: shutdown> (0x00000000c487b570) 
thrown [s\src\hotspot\share\prims\jni.cpp, line 535]
Event: 11.803 Thread 0x00000191d4f856e0 Exception <a 'java/net/ConnectException'{0x00000000c487c508}: Connection refused: no further information> (0x00000000c487c508) 
thrown [s\src\hotspot\share\prims\jni.cpp, line 535]
Event: 11.804 Thread 0x00000191d4f856e0 Exception <a 'java/net/SocketException'{0x00000000c487c840}: Socket is not connected: shutdown> (0x00000000c487c840) 
thrown [s\src\hotspot\share\prims\jni.cpp, line 535]
Event: 11.850 Thread 0x00000191d4f856e0 Exception <a 'java/net/ConnectException'{0x00000000c487d7d8}: Connection refused: no further information> (0x00000000c487d7d8) 
thrown [s\src\hotspot\share\prims\jni.cpp, line 535]
Event: 11.850 Thread 0x00000191d4f856e0 Exception <a 'java/net/SocketException'{0x00000000c487db10}: Socket is not connected: shutdown> (0x00000000c487db10) 
thrown [s\src\hotspot\share\prims\jni.cpp, line 535]
Event: 11.995 Thread 0x00000191ba6dd550 Exception <a 'java/lang/NoSuchMethodError'{0x00000000c48fa5f0}: 'double java.lang.invoke.DirectMethodHandle$Holder.invokeVirtual(java.lang.Object, java.lang.Object)'> (0x00000000c48fa5f0) 
thrown [s\src\hotspot\share\interpreter\linkResolver.cpp, line 759]
Event: 11.996 Thread 0x00000191ba6dd550 Exception <a 'java/lang/NoSuchMethodError'{0x00000000c3601538}: 'float java.lang.invoke.DirectMethodHandle$Holder.invokeVirtual(java.lang.Object, java.lang.Object)'> (0x00000000c3601538) 
thrown [s\src\hotspot\share\interpreter\linkResolver.cpp, line 759]
Event: 12.006 Thread 0x00000191ba6dd550 Exception <a 'java/lang/NoSuchMethodError'{0x00000000c360a7c0}: 'long java.lang.invoke.DirectMethodHandle$Holder.invokeVirtual(java.lang.Object, java.lang.Object)'> (0x00000000c360a7c0) 
thrown [s\src\hotspot\share\interpreter\linkResolver.cpp, line 759]
Event: 12.022 Thread 0x00000191ba6dd550 Exception <a 'java/lang/NoSuchMethodError'{0x00000000c363c750}: 'java.lang.Object java.lang.invoke.DirectMethodHandle$Holder.invokeVirtual(java.lang.Object, java.lang.Object, java.lang.Object)'> (0x00000000c363c750) 
thrown [s\src\hotspot\share\interpreter\linkResolver.cpp, line 759]
Event: 12.094 Thread 0x00000191ba6dd550 Exception <a 'java/lang/NoSuchMethodError'{0x00000000c3564710}: 'java.lang.Object java.lang.invoke.DirectMethodHandle$Holder.newInvokeSpecial(java.lang.Object, java.lang.Object, int, int)'> (0x00000000c3564710) 
thrown [s\src\hotspot\share\interpreter\linkResolver.cpp, line 759]
Event: 12.100 Thread 0x00000191ba6dd550 Exception <a 'java/lang/NoSuchMethodError'{0x00000000c356f7b8}: 'void java.lang.invoke.DirectMethodHandle$Holder.invokeStatic(java.lang.Object, java.lang.Object, int)'> (0x00000000c356f7b8) 
thrown [s\src\hotspot\share\interpreter\linkResolver.cpp, line 759]
Event: 12.251 Thread 0x00000191ba6dd550 Exception <a 'java/lang/NoSuchMethodError'{0x00000000c33b1708}: 'int java.lang.invoke.DirectMethodHandle$Holder.invokeSpecialIFC(java.lang.Object, java.lang.Object, java.lang.Object)'> (0x00000000c33b1708) 
thrown [s\src\hotspot\share\interpreter\linkResolver.cpp, line 759]
Event: 12.358 Thread 0x00000191ba6dd550 Exception <a 'java/lang/NoSuchMethodError'{0x00000000c316f318}: 'java.lang.Object java.lang.invoke.DirectMethodHandle$Holder.invokeVirtual(java.lang.Object, java.lang.Object, java.lang.Object, java.lang.Object)'> (0x00000000c316f318) 
thrown [s\src\hotspot\share\interpreter\linkResolver.cpp, line 759]
Event: 12.439 Thread 0x00000191ba6dd550 Exception <a 'java/lang/NoSuchMethodError'{0x00000000c309c3f0}: 'void java.lang.invoke.DirectMethodHandle$Holder.invokeSpecial(java.lang.Object, java.lang.Object, java.lang.Object, java.lang.Object, java.lang.Object, java.lang.Object)'> (0x00000000c309c3f0) 
thrown [s\src\hotspot\share\interpreter\linkResolver.cpp, line 759]
Event: 19.401 Thread 0x00000191ba6dd550 Exception <a 'java/lang/NoSuchMethodError'{0x00000000c49d2e78}: 'java.lang.Object java.lang.invoke.DirectMethodHandle$Holder.invokeSpecialIFC(java.lang.Object, java.lang.Object, java.lang.Object)'> (0x00000000c49d2e78) 
thrown [s\src\hotspot\share\interpreter\linkResolver.cpp, line 759]
Event: 19.627 Thread 0x00000191ba6dd550 Exception <a 'java/lang/IncompatibleClassChangeError'{0x00000000c366c410}: Found class java.lang.Object, but interface was expected> (0x00000000c366c410) 
thrown [s\src\hotspot\share\interpreter\linkResolver.cpp, line 826]
Event: 19.627 Thread 0x00000191ba6dd550 Exception <a 'java/lang/reflect/InvocationTargetException'{0x00000000c366ea20}> (0x00000000c366ea20) 
thrown [s\src\hotspot\share\runtime\reflection.cpp, line 1121]

VM Operations (20 events):
Event: 11.273 Executing VM operation: G1CollectForAllocation
Event: 11.295 Executing VM operation: G1CollectForAllocation done
Event: 11.353 Executing VM operation: G1CollectForAllocation
Event: 11.362 Executing VM operation: G1CollectForAllocation done
Event: 11.953 Executing VM operation: HandshakeAllThreads
Event: 11.953 Executing VM operation: HandshakeAllThreads done
Event: 11.954 Executing VM operation: HandshakeAllThreads
Event: 11.954 Executing VM operation: HandshakeAllThreads done
Event: 11.957 Executing VM operation: HandshakeAllThreads
Event: 11.957 Executing VM operation: HandshakeAllThreads done
Event: 12.830 Executing VM operation: G1CollectForAllocation
Event: 12.833 Executing VM operation: G1CollectForAllocation done
Event: 12.913 Executing VM operation: HandshakeAllThreads
Event: 12.913 Executing VM operation: HandshakeAllThreads done
Event: 13.092 Executing VM operation: G1TryInitiateConcMark
Event: 13.097 Executing VM operation: G1TryInitiateConcMark done
Event: 17.124 Executing VM operation: Cleanup
Event: 17.125 Executing VM operation: Cleanup done
Event: 19.141 Executing VM operation: Cleanup
Event: 19.141 Executing VM operation: Cleanup done

Events (20 events):
Event: 13.029 loading class java/io/PushbackInputStream done
Event: 13.079 loading class java/nio/charset/IllegalCharsetNameException
Event: 13.080 loading class java/nio/charset/IllegalCharsetNameException done
Event: 13.080 loading class java/nio/charset/UnsupportedCharsetException
Event: 13.080 loading class java/nio/charset/UnsupportedCharsetException done
Event: 13.102 loading class sun/nio/ch/IOVecWrapper
Event: 13.103 loading class sun/nio/ch/IOVecWrapper done
Event: 13.103 loading class sun/nio/ch/AllocatedNativeObject
Event: 13.103 loading class sun/nio/ch/NativeObject
Event: 13.104 loading class sun/nio/ch/NativeObject done
Event: 13.104 loading class sun/nio/ch/AllocatedNativeObject done
Event: 13.104 loading class sun/nio/ch/IOVecWrapper$Deallocator
Event: 13.105 loading class sun/nio/ch/IOVecWrapper$Deallocator done
Event: 16.973 Thread 0x00000191d4f83530 Thread exited: 0x00000191d4f83530
Event: 19.390 loading class java/math/MathContext
Event: 19.390 loading class java/math/MathContext done
Event: 19.615 Thread 0x00000191d4f843a0 Thread added: 0x00000191d4f843a0
Event: 19.626 loading class java/util/concurrent/CompletionException
Event: 19.626 loading class java/util/concurrent/CompletionException done
Event: 19.628 loading class java/util/AbstractList$RandomAccessSpliterator


Dynamic libraries:
0x00007ff686330000 - 0x00007ff68633e000 	D:\benila\Eclipse\eclipse-java-2023-03-R-win32-x86_64\eclipse\plugins\org.eclipse.justj.openjdk.hotspot.jre.full.win32.x86_64_17.0.6.v20230204-1729\jre\bin\javaw.exe
0x00007ff86e850000 - 0x00007ff86ea47000 	C:\Windows\SYSTEM32\ntdll.dll
0x00007ff86e450000 - 0x00007ff86e50d000 	C:\Windows\System32\KERNEL32.DLL
0x00007ff86c580000 - 0x00007ff86c876000 	C:\Windows\System32\KERNELBASE.dll
0x00007ff86c3f0000 - 0x00007ff86c4f0000 	C:\Windows\System32\ucrtbase.dll
0x00007ff867a40000 - 0x00007ff867a59000 	D:\benila\Eclipse\eclipse-java-2023-03-R-win32-x86_64\eclipse\plugins\org.eclipse.justj.openjdk.hotspot.jre.full.win32.x86_64_17.0.6.v20230204-1729\jre\bin\VCRUNTIME140.dll
0x00007ff859250000 - 0x00007ff859267000 	D:\benila\Eclipse\eclipse-java-2023-03-R-win32-x86_64\eclipse\plugins\org.eclipse.justj.openjdk.hotspot.jre.full.win32.x86_64_17.0.6.v20230204-1729\jre\bin\jli.dll
0x00007ff86e510000 - 0x00007ff86e6ae000 	C:\Windows\System32\USER32.dll
0x00007ff86c1e0000 - 0x00007ff86c202000 	C:\Windows\System32\win32u.dll
0x00007ff861b80000 - 0x00007ff861e1a000 	C:\Windows\WinSxS\amd64_microsoft.windows.common-controls_6595b64144ccf1df_6.0.19041.3570_none_60bb2a3971f3e41a\COMCTL32.dll
0x00007ff86daf0000 - 0x00007ff86db1c000 	C:\Windows\System32\GDI32.dll
0x00007ff86c260000 - 0x00007ff86c37a000 	C:\Windows\System32\gdi32full.dll
0x00007ff86c110000 - 0x00007ff86c1ad000 	C:\Windows\System32\msvcp_win.dll
0x00007ff86c950000 - 0x00007ff86c9ee000 	C:\Windows\System32\msvcrt.dll
0x00007ff86d3f0000 - 0x00007ff86d420000 	C:\Windows\System32\IMM32.DLL
0x00007ff867a60000 - 0x00007ff867a6c000 	D:\benila\Eclipse\eclipse-java-2023-03-R-win32-x86_64\eclipse\plugins\org.eclipse.justj.openjdk.hotspot.jre.full.win32.x86_64_17.0.6.v20230204-1729\jre\bin\vcruntime140_1.dll
0x00007ff847730000 - 0x00007ff8477c1000 	D:\benila\Eclipse\eclipse-java-2023-03-R-win32-x86_64\eclipse\plugins\org.eclipse.justj.openjdk.hotspot.jre.full.win32.x86_64_17.0.6.v20230204-1729\jre\bin\msvcp140.dll
0x00007ff839130000 - 0x00007ff839d77000 	D:\benila\Eclipse\eclipse-java-2023-03-R-win32-x86_64\eclipse\plugins\org.eclipse.justj.openjdk.hotspot.jre.full.win32.x86_64_17.0.6.v20230204-1729\jre\bin\server\jvm.dll
0x00007ff86df90000 - 0x00007ff86e03e000 	C:\Windows\System32\ADVAPI32.dll
0x00007ff86d5e0000 - 0x00007ff86d67c000 	C:\Windows\System32\sechost.dll
0x00007ff86e2c0000 - 0x00007ff86e3e6000 	C:\Windows\System32\RPCRT4.dll
0x00007ff84bc60000 - 0x00007ff84bc69000 	C:\Windows\SYSTEM32\WSOCK32.dll
0x00007ff863ed0000 - 0x00007ff863ef7000 	C:\Windows\SYSTEM32\WINMM.dll
0x00007ff86d420000 - 0x00007ff86d48b000 	C:\Windows\System32\WS2_32.dll
0x00007ff866ba0000 - 0x00007ff866baa000 	C:\Windows\SYSTEM32\VERSION.dll
0x00007ff869da0000 - 0x00007ff869db2000 	C:\Windows\SYSTEM32\kernel.appcore.dll
0x00007ff8584b0000 - 0x00007ff8584ba000 	D:\benila\Eclipse\eclipse-java-2023-03-R-win32-x86_64\eclipse\plugins\org.eclipse.justj.openjdk.hotspot.jre.full.win32.x86_64_17.0.6.v20230204-1729\jre\bin\jimage.dll
0x00007ff85a0f0000 - 0x00007ff85a2d4000 	C:\Windows\SYSTEM32\DBGHELP.DLL
0x00007ff85a370000 - 0x00007ff85a3a4000 	C:\Windows\SYSTEM32\dbgcore.DLL
0x00007ff86c4f0000 - 0x00007ff86c572000 	C:\Windows\System32\bcryptPrimitives.dll
0x00007ff84ca80000 - 0x00007ff84caa5000 	D:\benila\Eclipse\eclipse-java-2023-03-R-win32-x86_64\eclipse\plugins\org.eclipse.justj.openjdk.hotspot.jre.full.win32.x86_64_17.0.6.v20230204-1729\jre\bin\java.dll
0x00007ff857c10000 - 0x00007ff857c28000 	D:\benila\Eclipse\eclipse-java-2023-03-R-win32-x86_64\eclipse\plugins\org.eclipse.justj.openjdk.hotspot.jre.full.win32.x86_64_17.0.6.v20230204-1729\jre\bin\zip.dll
0x00007ff86c9f0000 - 0x00007ff86d134000 	C:\Windows\System32\SHELL32.dll
0x00007ff869fa0000 - 0x00007ff86a73b000 	C:\Windows\SYSTEM32\windows.storage.dll
0x00007ff86d790000 - 0x00007ff86dae4000 	C:\Windows\System32\combase.dll
0x00007ff86b940000 - 0x00007ff86b96d000 	C:\Windows\SYSTEM32\Wldp.dll
0x00007ff86e1f0000 - 0x00007ff86e29d000 	C:\Windows\System32\SHCORE.dll
0x00007ff86d380000 - 0x00007ff86d3d5000 	C:\Windows\System32\shlwapi.dll
0x00007ff86be30000 - 0x00007ff86be55000 	C:\Windows\SYSTEM32\profapi.dll
0x00007ff855dc0000 - 0x00007ff855dd9000 	D:\benila\Eclipse\eclipse-java-2023-03-R-win32-x86_64\eclipse\plugins\org.eclipse.justj.openjdk.hotspot.jre.full.win32.x86_64_17.0.6.v20230204-1729\jre\bin\net.dll
0x00007ff864b10000 - 0x00007ff864c1a000 	C:\Windows\SYSTEM32\WINHTTP.dll
0x00007ff86b6a0000 - 0x00007ff86b70a000 	C:\Windows\system32\mswsock.dll
0x00007ff852640000 - 0x00007ff852655000 	D:\benila\Eclipse\eclipse-java-2023-03-R-win32-x86_64\eclipse\plugins\org.eclipse.justj.openjdk.hotspot.jre.full.win32.x86_64_17.0.6.v20230204-1729\jre\bin\nio.dll
0x00007ff8580c0000 - 0x00007ff8580d0000 	D:\benila\Eclipse\eclipse-java-2023-03-R-win32-x86_64\eclipse\plugins\org.eclipse.justj.openjdk.hotspot.jre.full.win32.x86_64_17.0.6.v20230204-1729\jre\bin\verify.dll
0x00007ff86b390000 - 0x00007ff86b45a000 	C:\Windows\SYSTEM32\DNSAPI.dll
0x00007ff86b340000 - 0x00007ff86b37b000 	C:\Windows\SYSTEM32\IPHLPAPI.DLL
0x00007ff86d490000 - 0x00007ff86d498000 	C:\Windows\System32\NSI.dll
0x00007ff861460000 - 0x00007ff86146a000 	C:\Windows\System32\rasadhlp.dll
0x00007ff8614e0000 - 0x00007ff861562000 	C:\Windows\System32\fwpuclnt.dll
0x00007ff86c1b0000 - 0x00007ff86c1d7000 	C:\Windows\System32\bcrypt.dll
0x00007ff86b890000 - 0x00007ff86b8a8000 	C:\Windows\SYSTEM32\CRYPTSP.dll
0x00007ff86af40000 - 0x00007ff86af74000 	C:\Windows\system32\rsaenh.dll
0x00007ff86bdb0000 - 0x00007ff86bdde000 	C:\Windows\SYSTEM32\USERENV.dll
0x00007ff86b8b0000 - 0x00007ff86b8bc000 	C:\Windows\SYSTEM32\CRYPTBASE.dll
0x00007ff865070000 - 0x00007ff865087000 	C:\Windows\SYSTEM32\dhcpcsvc6.DLL
0x00007ff8654e0000 - 0x00007ff8654fd000 	C:\Windows\SYSTEM32\dhcpcsvc.DLL
0x00007ff85c7a0000 - 0x00007ff85c7a9000 	D:\benila\Eclipse\eclipse-java-2023-03-R-win32-x86_64\eclipse\plugins\org.eclipse.justj.openjdk.hotspot.jre.full.win32.x86_64_17.0.6.v20230204-1729\jre\bin\management.dll
0x00007ff859bf0000 - 0x00007ff859bfb000 	D:\benila\Eclipse\eclipse-java-2023-03-R-win32-x86_64\eclipse\plugins\org.eclipse.justj.openjdk.hotspot.jre.full.win32.x86_64_17.0.6.v20230204-1729\jre\bin\management_ext.dll
0x00007ff86d3e0000 - 0x00007ff86d3e8000 	C:\Windows\System32\PSAPI.DLL
0x00007ff852dc0000 - 0x00007ff852dd7000 	C:\Windows\system32\napinsp.dll
0x00007ff852da0000 - 0x00007ff852dbb000 	C:\Windows\system32\pnrpnsp.dll
0x00007ff866590000 - 0x00007ff8665a5000 	C:\Windows\system32\wshbth.dll
0x00007ff8679a0000 - 0x00007ff8679bd000 	C:\Windows\system32\NLAapi.dll
0x00007ff852d80000 - 0x00007ff852d92000 	C:\Windows\System32\winrnr.dll
0x00007ff858090000 - 0x00007ff85809e000 	D:\benila\Eclipse\eclipse-java-2023-03-R-win32-x86_64\eclipse\plugins\org.eclipse.justj.openjdk.hotspot.jre.full.win32.x86_64_17.0.6.v20230204-1729\jre\bin\sunmscapi.dll
0x00007ff86bfb0000 - 0x00007ff86c10d000 	C:\Windows\System32\CRYPT32.dll
0x00007ff86b9b0000 - 0x00007ff86b9d7000 	C:\Windows\SYSTEM32\ncrypt.dll
0x00007ff86b970000 - 0x00007ff86b9ab000 	C:\Windows\SYSTEM32\NTASN1.dll
0x00007ff841410000 - 0x00007ff841417000 	C:\Windows\system32\wshunix.dll

dbghelp: loaded successfully - version: 4.0.5 - missing functions: none
symbol engine: initialized successfully - sym options: 0x614 - pdb path: .;D:\benila\Eclipse\eclipse-java-2023-03-R-win32-x86_64\eclipse\plugins\org.eclipse.justj.openjdk.hotspot.jre.full.win32.x86_64_17.0.6.v20230204-1729\jre\bin;C:\Windows\SYSTEM32;C:\Windows\WinSxS\amd64_microsoft.windows.common-controls_6595b64144ccf1df_6.0.19041.3570_none_60bb2a3971f3e41a;D:\benila\Eclipse\eclipse-java-2023-03-R-win32-x86_64\eclipse\plugins\org.eclipse.justj.openjdk.hotspot.jre.full.win32.x86_64_17.0.6.v20230204-1729\jre\bin\server

VM Arguments:
jvm_args: -ea -Dfile.encoding=UTF-8 -XX:+ShowCodeDetailsInExceptionMessages 
java_command: org.testng.remote.RemoteTestNG -serport 58267 -protocol json -d D:\benila\QC Automation\PayrollProject\test-output C:\Users\USER\AppData\Local\Temp\testng-eclipse--868171623\testng-customsuite.xml
java_class_path (initial): D:\benila\Eclipse\eclipse-java-2023-03-R-win32-x86_64\eclipse\configuration\org.eclipse.osgi\447\0\.cp\lib\testng-remote.jar;D:\benila\QC Automation\PayrollProject\target\test-classes;D:\benila\QC Automation\PayrollProject\target\classes;D:\benila\Eclipse\eclipse-java-2023-03-R-win32-x86_64\eclipse\plugins\org.testng_7.8.0.r202306071539.jar;D:\benila\Eclipse\eclipse-java-2023-03-R-win32-x86_64\eclipse\plugins\com.beust.jcommander_1.82.0.jar;D:\benila\Eclipse\eclipse-java-2023-03-R-win32-x86_64\eclipse\plugins\org.apache-extras.beanshell.bsh_2.0.0.b6.jar;D:\benila\Eclipse\eclipse-java-2023-03-R-win32-x86_64\eclipse\plugins\org.yaml.snakeyaml_1.27.0.v20221112-0806.jar;D:\benila\Eclipse\eclipse-java-2023-03-R-win32-x86_64\eclipse\plugins\org.webjars.jquery_3.6.1.jar;C:\Users\USER\.m2\repository\org\apache\poi\poi\5.2.3\poi-5.2.3.jar;C:\Users\USER\.m2\repository\commons-codec\commons-codec\1.15\commons-codec-1.15.jar;C:\Users\USER\.m2\repository\org\apache\commons\commons-collections4\4.4\commons-collections4-4.4.jar;C:\Users\USER\.m2\repository\org\apache\commons\commons-math3\3.6.1\commons-math3-3.6.1.jar;C:\Users\USER\.m2\repository\commons-io\commons-io\2.11.0\commons-io-2.11.0.jar;C:\Users\USER\.m2\repository\com\zaxxer\SparseBitSet\1.2\SparseBitSet-1.2.jar;C:\Users\USER\.m2\repository\org\apache\logging\log4j\log4j-api\2.18.0\log4j-api-2.18.0.jar;C:\Users\USER\.m2\repository\org\apache\poi\poi-ooxml\5.2.3\poi-ooxml-5.2.3.jar;C:\Users\USER\.m2\repository\org\apache\poi\poi-ooxml-lite\5.2.3\poi-ooxml-lite-5.2.3.jar;C:\Users\USER\.m2\repository\org\apache\xmlbeans\xmlbeans\5.1.1\xmlbeans-5.1.1.jar;C:\Users\USER\.m2\repository\org\apache\commons\commons-compress\1.21\commons-compress-1.21.jar;C:\Users\USER\.m2\repository\com\github\virtuald\curvesapi\1.07\curvesapi-1.07.jar;C:\Users\USER\.m2\repository\org\seleniumhq\selenium\selenium-java\4.12.1\selenium-java-4.12.1.jar;C:\Users\USER\.m2\repository\org\seleniumhq\selenium\selenium-api\4.1
Launcher Type: SUN_STANDARD

[Global flags]
     intx CICompilerCount                          = 3                                         {product} {ergonomic}
     uint ConcGCThreads                            = 1                                         {product} {ergonomic}
     uint G1ConcRefinementThreads                  = 4                                         {product} {ergonomic}
   size_t G1HeapRegionSize                         = 1048576                                   {product} {ergonomic}
    uintx GCDrainStackTargetSize                   = 64                                        {product} {ergonomic}
   size_t InitialHeapSize                          = 67108864                                  {product} {ergonomic}
   size_t MarkStackSize                            = 4194304                                   {product} {ergonomic}
   size_t MaxHeapSize                              = 1050673152                                {product} {ergonomic}
   size_t MaxNewSize                               = 630194176                                 {product} {ergonomic}
   size_t MinHeapDeltaBytes                        = 1048576                                   {product} {ergonomic}
   size_t MinHeapSize                              = 8388608                                   {product} {ergonomic}
    uintx NonNMethodCodeHeapSize                   = 5832780                                {pd product} {ergonomic}
    uintx NonProfiledCodeHeapSize                  = 122912730                              {pd product} {ergonomic}
    uintx ProfiledCodeHeapSize                     = 122912730                              {pd product} {ergonomic}
    uintx ReservedCodeCacheSize                    = 251658240                              {pd product} {ergonomic}
     bool SegmentedCodeCache                       = true                                      {product} {ergonomic}
     bool ShowCodeDetailsInExceptionMessages       = true                                   {manageable} {command line}
   size_t SoftMaxHeapSize                          = 1050673152                             {manageable} {ergonomic}
     bool UseCompressedClassPointers               = true                           {product lp64_product} {ergonomic}
     bool UseCompressedOops                        = true                           {product lp64_product} {ergonomic}
     bool UseG1GC                                  = true                                      {product} {ergonomic}
     bool UseLargePagesIndividualAllocation        = false                                  {pd product} {ergonomic}

Logging:
Log output configuration:
 #0: stdout all=warning uptime,level,tags
 #1: stderr all=off uptime,level,tags

Environment Variables:
JAVA_HOME=C:\Program Files\Java\jdk-17
PATH=D:/benila/Eclipse/eclipse-java-2023-03-R-win32-x86_64/eclipse//plugins/org.eclipse.justj.openjdk.hotspot.jre.full.win32.x86_64_17.0.6.v20230204-1729/jre/bin/server;D:/benila/Eclipse/eclipse-java-2023-03-R-win32-x86_64/eclipse//plugins/org.eclipse.justj.openjdk.hotspot.jre.full.win32.x86_64_17.0.6.v20230204-1729/jre/bin;C:\Program Files\Common Files\Oracle\Java\javapath;C:\Program Files\Java\jdk-20\bin;C:\Program Files (x86)\Common Files\Oracle\Java\javapath;C:\Windows\system32;C:\Windows;C:\Windows\System32\Wbem;C:\Windows\System32\WindowsPowerShell\v1.0\;C:\Windows\System32\OpenSSH\;C:\Program Files (x86)\dotnet\;C:\Program Files\Git\cmd;C:\Program Files\dotnet\;C:\Program Files\Java\jdk-17\bin;C:\Users\USER\AppData\Local\Programs\Python\Python311\Scripts\;C:\Users\USER\AppData\Local\Programs\Python\Python311\;C:\Users\USER\AppData\Local\Microsoft\WindowsApps;C:\Program Files\JetBrains\PyCharm Community Edition 2022.3.1\bin;;C:\Program Files\Maven\apache-maven-3.9.4\bin;;D:\benila\Eclipse\eclipse-java-2023-03-R-win32-x86_64\eclipse;
USERNAME=USER
OS=Windows_NT
PROCESSOR_IDENTIFIER=Intel64 Family 6 Model 69 Stepping 1, GenuineIntel
TMP=C:\Users\USER\AppData\Local\Temp
TEMP=C:\Users\USER\AppData\Local\Temp



---------------  S Y S T E M  ---------------

OS:
 Windows 10 , 64 bit Build 19041 (10.0.19041.3570)
OS uptime: 1 days 3:50 hours

CPU: total 4 (initial active 4) (2 cores per cpu, 2 threads per core) family 6 model 69 stepping 1 microcode 0x25, cx8, cmov, fxsr, ht, mmx, sse, sse2, sse3, ssse3, sse4.1, sse4.2, popcnt, lzcnt, tsc, tscinvbit, avx, avx2, aes, erms, clmul, bmi1, bmi2, fma, vzeroupper, clflush

Memory: 4k page, system-wide physical 4000M (327M free)
TotalPageFile size 10149M (AvailPageFile size 0M)
current process WorkingSet (physical memory assigned to process): 136M, peak: 144M
current process commit charge ("private bytes"): 160M, peak: 168M

vm_info: OpenJDK 64-Bit Server VM (17.0.6+10) for windows-amd64 JRE (17.0.6+10), built on Jan 18 2023 10:08:59 by "temurin" with MS VC++ 16.7 (VS2019)

END.
